<?xml version="1.0" encoding="UTF-8"?>
<!-- Generated by org.testng.reporters.JUnitReportReporter -->
<testsuite name="com.jbk.pages.DashboardPage" tests="1" time="4.187" ignored="1" failures="0" timestamp="26 Jul 2021 09:08:12 GMT" skipped="0" hostname="DESKTOP-9CGQQJV" errors="0">
  <testcase name="verifyCourseSymbol" time="4.187" classname="com.jbk.pages.DashboardPage"/>
  <testcase name="verifyCourseColor" classname="com.jbk.pages.DashboardPage">
    <skipped/>
  </testcase> <!-- verifyCourseColor -->
</testsuite> <!-- com.jbk.pages.DashboardPage -->
