<?xml version="1.0" encoding="UTF-8"?>
<!-- Generated by org.testng.reporters.JUnitReportReporter -->
<testsuite name="com.tests.ExcelWriteTest" tests="1" time="4.946" ignored="0" failures="0" timestamp="07 Jul 2021 13:39:38 GMT" skipped="0" hostname="DESKTOP-9CGQQJV" errors="0">
  <testcase name="test01" time="4.946" classname="com.tests.ExcelWriteTest"/>
</testsuite> <!-- com.tests.ExcelWriteTest -->
