<?xml version="1.0" encoding="UTF-8"?>
<!-- Generated by org.testng.reporters.JUnitReportReporter -->
<testsuite name="com.jbk.pages.UsersPageTestCasesUsingHashmap" tests="1" time="8.088" ignored="3" failures="0" timestamp="26 Jul 2021 05:26:35 GMT" skipped="0" hostname="DESKTOP-9CGQQJV" errors="0">
  <testcase name="mobileLength" time="8.088" classname="com.jbk.pages.UsersPageTestCasesUsingHashmap"/>
  <testcase name="verifyTable" classname="com.jbk.pages.UsersPageTestCasesUsingHashmap">
    <skipped/>
  </testcase> <!-- verifyTable -->
  <testcase name="validateGenders" classname="com.jbk.pages.UsersPageTestCasesUsingHashmap">
    <skipped/>
  </testcase> <!-- validateGenders -->
  <testcase name="addGendersUsingHasmap" classname="com.jbk.pages.UsersPageTestCasesUsingHashmap">
    <skipped/>
  </testcase> <!-- addGendersUsingHasmap -->
</testsuite> <!-- com.jbk.pages.UsersPageTestCasesUsingHashmap -->
