<?xml version="1.0" encoding="UTF-8"?>
<!-- Generated by org.testng.reporters.JUnitReportReporter -->
<testsuite name="com.jbk.pages.OperatorsPage" tests="1" time="3.914" ignored="0" failures="0" timestamp="26 Jul 2021 08:43:44 GMT" skipped="0" hostname="DESKTOP-9CGQQJV" errors="0">
  <testcase name="maxiTimeCount" time="3.914" classname="com.jbk.pages.OperatorsPage"/>
</testsuite> <!-- com.jbk.pages.OperatorsPage -->
