<?xml version="1.0" encoding="UTF-8"?>
<!-- Generated by org.testng.reporters.JUnitReportReporter -->
<testsuite name="com.jbk.pages.UsersPage" tests="1" time="5.661" ignored="1" failures="0" timestamp="26 Jul 2021 04:36:44 GMT" skipped="0" hostname="DESKTOP-9CGQQJV" errors="0">
  <testcase name="addGendersUsingHasmap" time="5.661" classname="com.jbk.pages.UsersPage"/>
  <testcase name="validateGenders" classname="com.jbk.pages.UsersPage">
    <skipped/>
  </testcase> <!-- validateGenders -->
</testsuite> <!-- com.jbk.pages.UsersPage -->
